<?xml version="1.0" encoding="UTF-8"?>
<robot generator="Robot 7.1.1 (Python 3.10.12 on linux)" generated="2026-03-31T03:00:49.164351" rpa="false" schemaversion="5">
<suite id="s1" name="Serverest-Cadastro" source="/home/rfahham/projetos/teste-api-e2e/robot/serverest-cadastro.robot">
<kw name="Health Check API" type="SETUP">
<kw name="Create Session" owner="RequestsLibrary">
<msg time="2026-03-31T03:01:00.686767" level="INFO">Creating Session using : alias=serverest, url=https://serverest.dev/usuarios, headers={},                     cookies={}, auth=None, timeout=None, proxies=None, verify=False,                     debug=0 </msg>
<arg>serverest</arg>
<arg>${API_URL}</arg>
<doc>Create Session: create a HTTP session to a server</doc>
<status status="PASS" start="2026-03-31T03:01:00.686179" elapsed="0.001794"/>
</kw>
<kw name="Get Request" owner="RequestsLibrary">
<msg time="2026-03-31T03:01:00.689932" level="WARN">Keyword 'RequestsLibrary.Get Request' is deprecated. Please use `GET On Session` instead.</msg>
<msg time="2026-03-31T03:01:01.192422" level="INFO">GET Request : url=https://serverest.dev/usuarios/ 
 path_url=/usuarios/ 
 headers={'User-Agent': 'python-requests/2.32.3', 'Accept-Encoding': 'gzip, deflate', 'Accept': '*/*', 'Connection': 'keep-alive'} 
 body=None 
 </msg>
<msg time="2026-03-31T03:01:01.194498" level="INFO">GET Response : url=https://serverest.dev/usuarios/ 
 status=200, reason=OK 
 headers={'access-control-allow-origin': '*', 'x-dns-prefetch-control': 'off', 'x-frame-options': 'SAMEORIGIN', 'strict-transport-security': 'max-age=15552000; includeSubDomains', 'x-download-options': 'noopen', 'x-content-type-options': 'nosniff', 'x-xss-protection': '1; mode=block', 'content-type': 'application/json; charset=utf-8', 'x-cloud-trace-context': '4abd970be4f7e89be56301452554cdf6;o=1', 'date': 'Tue, 31 Mar 2026 06:01:01 GMT', 'server': 'Google Frontend', 'Content-Length': '1766'} 
 body={
    "quantidade": 8,
    "usuarios": [
        {
            "nome": "Fulano da Silva",
            "email": "fulano@qa.com",
            "password": "teste",
            "administrador": "true",
            "_id": "0uxuPY0cbmQhpEz1"
        },
        {
            "nome": "Usuário QA",
            "email": "qa_1774935880216@teste.com",
            "password": "123456",
            "administrador": "true",
            "_id": "300PqddpOtLXbNQq"
        },
        {
            "nome": "Usuário QA",
            "email": "qa_1774935703540@teste.com",
            "password": "123456",
            "administrador": "true",
            "_id": "RUjiKdGny95M90vs"
        },
        {
            "nome": "Hora do QA",
            "email": "horadoqa_1774936701@qa.com",
            "password": "1q2w3e4r",
            "administrador": "true",
            "_id": "gMewJWPpZcdRh7qE"
        },
        {
            "nome": "Usuário QA",
            "email": "qa_1774935706691@teste.com",
            "password": "123456",
            "administrador": "true",
            "_id": "iIaVE7Lyr2gt50zB"
        },
        {
            "nome": "Usuário QA",
            "email": "qa_1774935890350@teste.com",
            "password": "123456",
            "administrador": "true",
            "_id": "oyaP1utrUFsbYdIB"
        },
        {
            "nome": "Usuário QA",
            "email": "qa_1774935886964@teste.com",
            "password": "123456",
            "administrador": "true",
            "_id": "s5UISImmqjnANjDf"
        },
        {
            "nome": "Usuário QA",
            "email": "qa_1774935697366@teste.com",
            "password": "123456",
            "administrador": "true",
            "_id": "x5RItYOALunukfo9"
        }
    ]
} 
 </msg>
<msg time="2026-03-31T03:01:01.194763" level="INFO">/home/rfahham/.local/lib/python3.10/site-packages/urllib3/connectionpool.py:1099: InsecureRequestWarning: Unverified HTTPS request is being made to host 'serverest.dev'. Adding certificate verification is strongly advised. See: https://urllib3.readthedocs.io/en/latest/advanced-usage.html#tls-warnings
  warnings.warn(</msg>
<msg time="2026-03-31T03:01:01.195386" level="INFO">${response} = &lt;Response [200]&gt;</msg>
<var>${response}</var>
<arg>serverest</arg>
<arg>/</arg>
<doc>*DEPRECATED* Please use `GET On Session` instead.</doc>
<status status="PASS" start="2026-03-31T03:01:00.689744" elapsed="0.505746"/>
</kw>
<kw name="Should Be Equal As Integers" owner="BuiltIn">
<msg time="2026-03-31T03:01:01.197221" level="INFO">Argument types are:
&lt;class 'int'&gt;
&lt;class 'str'&gt;</msg>
<arg>${response.status_code}</arg>
<arg>200</arg>
<doc>Fails if objects are unequal after converting them to integers.</doc>
<status status="PASS" start="2026-03-31T03:01:01.195958" elapsed="0.001493"/>
</kw>
<kw name="Log" owner="BuiltIn">
<msg time="2026-03-31T03:01:01.198937" level="INFO">API disponível com status 200</msg>
<arg>API disponível com status ${response.status_code}</arg>
<doc>Logs the given message with the given level.</doc>
<status status="PASS" start="2026-03-31T03:01:01.197871" elapsed="0.001285"/>
</kw>
<status status="PASS" start="2026-03-31T03:01:00.677739" elapsed="0.593386"/>
</kw>
<test id="s1-t1" name="Deve Cadastrar Um Novo Usuário Com Sucesso" line="39">
<kw name="Generate Unique Email">
<kw name="Get Time" owner="BuiltIn">
<msg time="2026-03-31T03:01:01.274905" level="INFO">${timestamp} = 1774936861</msg>
<var>${timestamp}</var>
<arg>epoch</arg>
<doc>Returns the given time in the requested format.</doc>
<status status="PASS" start="2026-03-31T03:01:01.274309" elapsed="0.000690"/>
</kw>
<kw name="Set Variable" owner="BuiltIn">
<msg time="2026-03-31T03:01:01.276124" level="INFO">${email} = horadoqa_1774936861@qa.com</msg>
<var>${email}</var>
<arg>horadoqa_${timestamp}@qa.com</arg>
<doc>Returns the given values which can then be assigned to a variables.</doc>
<status status="PASS" start="2026-03-31T03:01:01.275436" elapsed="0.020400"/>
</kw>
<return>
<value>${email}</value>
<status status="PASS" start="2026-03-31T03:01:01.296147" elapsed="0.000171"/>
</return>
<msg time="2026-03-31T03:01:01.296773" level="INFO">${email} = horadoqa_1774936861@qa.com</msg>
<var>${email}</var>
<status status="PASS" start="2026-03-31T03:01:01.273433" elapsed="0.023548"/>
</kw>
<kw name="Open Cadastro Page">
<kw name="Open Browser" owner="SeleniumLibrary">
<msg time="2026-03-31T03:01:01.330851" level="INFO">Opening browser 'Chrome' to base url 'https://front.serverest.dev/cadastrarusuarios'.</msg>
<arg>${FRONT_URL}</arg>
<arg>${BROWSER}</arg>
<doc>Opens a new browser instance to the optional ``url``.</doc>
<status status="PASS" start="2026-03-31T03:01:01.298704" elapsed="23.258320"/>
</kw>
<kw name="Maximize Browser Window" owner="SeleniumLibrary">
<doc>Maximizes current browser window.</doc>
<status status="PASS" start="2026-03-31T03:01:24.557890" elapsed="0.080041"/>
</kw>
<status status="PASS" start="2026-03-31T03:01:01.297919" elapsed="23.340284"/>
</kw>
<kw name="Fill Cadastro Form">
<kw name="Input Text" owner="SeleniumLibrary">
<msg time="2026-03-31T03:01:24.641056" level="INFO">Typing text 'Hora do QA' into text field 'name=nome'.</msg>
<arg>name=nome</arg>
<arg>${nome}</arg>
<doc>Types the given ``text`` into the text field identified by ``locator``.</doc>
<status status="PASS" start="2026-03-31T03:01:24.639997" elapsed="3.621220"/>
</kw>
<kw name="Input Text" owner="SeleniumLibrary">
<msg time="2026-03-31T03:01:28.262219" level="INFO">Typing text 'horadoqa_1774936861@qa.com' into text field 'name=email'.</msg>
<arg>name=email</arg>
<arg>${email}</arg>
<doc>Types the given ``text`` into the text field identified by ``locator``.</doc>
<status status="PASS" start="2026-03-31T03:01:28.261602" elapsed="0.403489"/>
</kw>
<kw name="Input Text" owner="SeleniumLibrary">
<msg time="2026-03-31T03:01:28.666387" level="INFO">Typing text '1q2w3e4r' into text field 'name=password'.</msg>
<arg>name=password</arg>
<arg>${senha}</arg>
<doc>Types the given ``text`` into the text field identified by ``locator``.</doc>
<status status="PASS" start="2026-03-31T03:01:28.665640" elapsed="0.475620"/>
</kw>
<kw name="Click Element" owner="SeleniumLibrary">
<msg time="2026-03-31T03:01:29.142432" level="INFO">Clicking element 'css=input[type="checkbox"]'.</msg>
<arg>css=input[type="checkbox"]</arg>
<doc>Click the element identified by ``locator``.</doc>
<status status="PASS" start="2026-03-31T03:01:29.141731" elapsed="0.598139"/>
</kw>
<kw name="Click Button" owner="SeleniumLibrary">
<msg time="2026-03-31T03:01:29.740831" level="INFO">Clicking button 'css=button[type="submit"]'.</msg>
<arg>css=button[type="submit"]</arg>
<doc>Clicks the button identified by ``locator``.</doc>
<status status="PASS" start="2026-03-31T03:01:29.740276" elapsed="0.573114"/>
</kw>
<arg>Hora do QA</arg>
<arg>${email}</arg>
<arg>1q2w3e4r</arg>
<status status="PASS" start="2026-03-31T03:01:24.638808" elapsed="5.674823"/>
</kw>
<kw name="Validate Success Message">
<kw name="Page Should Contain" owner="SeleniumLibrary">
<msg time="2026-03-31T03:01:44.453571" level="INFO" html="true">&lt;/td&gt;&lt;/tr&gt;&lt;tr&gt;&lt;td colspan="3"&gt;&lt;a href="selenium-screenshot-2.png"&gt;&lt;img src="selenium-screenshot-2.png" width="800px"&gt;&lt;/a&gt;</msg>
<msg time="2026-03-31T03:01:44.456294" level="FAIL">Page should have contained text 'Cadastro realizado com sucesso' but did not.</msg>
<arg>Cadastro realizado com sucesso</arg>
<doc>Verifies that current page contains ``text``.</doc>
<status status="FAIL" start="2026-03-31T03:01:30.314633" elapsed="14.150579">Page should have contained text 'Cadastro realizado com sucesso' but did not.</status>
</kw>
<status status="FAIL" start="2026-03-31T03:01:30.314104" elapsed="14.152709">Page should have contained text 'Cadastro realizado com sucesso' but did not.</status>
</kw>
<kw name="Close Browser" owner="SeleniumLibrary">
<doc>Closes the current browser.</doc>
<status status="NOT RUN" start="2026-03-31T03:01:44.467853" elapsed="0.000113"/>
</kw>
<status status="FAIL" start="2026-03-31T03:01:01.271521" elapsed="43.197013">Page should have contained text 'Cadastro realizado com sucesso' but did not.</status>
</test>
<status status="FAIL" start="2026-03-31T03:00:49.190248" elapsed="55.280710"/>
</suite>
<statistics>
<total>
<stat pass="0" fail="1" skip="0">All Tests</stat>
</total>
<tag>
</tag>
<suite>
<stat pass="0" fail="1" skip="0" id="s1" name="Serverest-Cadastro">Serverest-Cadastro</stat>
</suite>
</statistics>
<errors>
<msg time="2026-03-31T03:00:49.111208" level="WARN">Error in file '/home/rfahham/projetos/teste-api-e2e/robot/serverest-cadastro.robot' on line 21: The '[Return]' setting is deprecated. Use the 'RETURN' statement instead.</msg>
<msg time="2026-03-31T03:01:00.689932" level="WARN">Keyword 'RequestsLibrary.Get Request' is deprecated. Please use `GET On Session` instead.</msg>
</errors>
</robot>
