<?xml version="1.0" encoding="UTF-8"?>
<robot generator="Robot 7.1.1 (Python 3.10.12 on linux)" generated="2026-03-31T03:07:52.458574" rpa="false" schemaversion="5">
<suite id="s1" name="Teste-Api-E2E" source="/home/rfahham/projetos/teste-api-e2e">
<suite id="s1-s1" name="Robot" source="/home/rfahham/projetos/teste-api-e2e/robot">
<suite id="s1-s1-s1" name="Serverest-Cadastro" source="/home/rfahham/projetos/teste-api-e2e/robot/serverest-cadastro.robot">
<kw name="Health Check API" type="SETUP">
<kw name="Create Session" owner="RequestsLibrary">
<msg time="2026-03-31T03:07:53.012905" level="INFO">Creating Session using : alias=serverest, url=https://serverest.dev, headers={},                     cookies={}, auth=None, timeout=None, proxies=None, verify=True,                     debug=0 </msg>
<arg>serverest</arg>
<arg>${API_URL}</arg>
<arg>verify=True</arg>
<doc>Create Session: create a HTTP session to a server</doc>
<status status="PASS" start="2026-03-31T03:07:53.011737" elapsed="0.001842"/>
</kw>
<kw name="GET On Session" owner="RequestsLibrary">
<msg time="2026-03-31T03:07:53.388526" level="INFO">GET Request : url=https://serverest.dev/usuarios 
 path_url=/usuarios 
 headers={'User-Agent': 'python-requests/2.32.3', 'Accept-Encoding': 'gzip, deflate', 'Accept': '*/*', 'Connection': 'keep-alive'} 
 body=None 
 </msg>
<msg time="2026-03-31T03:07:53.389053" level="INFO">GET Response : url=https://serverest.dev/usuarios 
 status=200, reason=OK 
 headers={'access-control-allow-origin': '*', 'x-dns-prefetch-control': 'off', 'x-frame-options': 'SAMEORIGIN', 'strict-transport-security': 'max-age=15552000; includeSubDomains', 'x-download-options': 'noopen', 'x-content-type-options': 'nosniff', 'x-xss-protection': '1; mode=block', 'content-type': 'application/json; charset=utf-8', 'x-cloud-trace-context': '9e28ddd801a1b7ae87046c79ae38f73e;o=1', 'date': 'Tue, 31 Mar 2026 06:07:56 GMT', 'server': 'Google Frontend', 'Content-Length': '2201'} 
 body={
    "quantidade": 10,
    "usuarios": [
        {
            "nome": "Fulano da Silva",
            "email": "fulano@qa.com",
            "password": "teste",
            "administrador": "true",
            "_id": "0uxuPY0cbmQhpEz1"
        },
        {
            "nome": "Usuário QA",
            "email": "qa_1774935880216@teste.com",
            "password": "123456",
            "administrador": "true",
            "_id": "300PqddpOtLXbNQq"
        },
        {
            "nome": "Hora do QA",
            "email": "horadoqa_1774937251@qa.com",
            "password": "1q2w3e4r",
            "administrador": "true",
            "_id": "EbRn9UVo47LIqwKS"
        },
        {
            "nome": "Usuário QA",
            "email": "qa_1774935703540@teste.com",
            "password": "123456",
            "administrador": "true",
            "_id": "RUjiKdGny95M90vs"
        },
        {
            "nome": "Hora do QA",
            "email": "horadoqa_1774936701@qa.com",
            "password": "1q2w3e4r",
            "administrador": "true",
            "_id": "gMewJWPpZcdRh7qE"
        },
        {
            "nome": "Usuário QA",
            "email": "qa_1774935706691@teste.com",
            "password": "123456",
            "administrador": "true",
            "_id": "iIaVE7Lyr2gt50zB"
        },
        {
            "nome": "Hora do QA",
            "email": "horadoqa_1774936861@qa.com",
            "password": "1q2w3e4r",
            "administrador": "true",
            "_id": "o5AhQ8QXhTENdEFL"
        },
        {
            "nome": "Usuário QA",
            "email": "qa_1774935890350@teste.com",
            "password": "123456",
            "administrador": "true",
            "_id": "oyaP1utrUFsbYdIB"
        },
        {
            "nome": "Usuário QA",
            "email": "qa_1774935886964@teste.com",
            "password": "123456",
            "administrador": "true",
            "_id": "s5UISImmqjnANjDf"
        },
        {
            "nome": "Usuário QA",
            "email": "qa_1774935697366@teste.com",
            "password": "123456",
            "administrador": "true",
            "_id": "x5RItYOALunukfo9"
        }
    ]
} 
 </msg>
<msg time="2026-03-31T03:07:53.389462" level="INFO">${response} = &lt;Response [200]&gt;</msg>
<var>${response}</var>
<arg>serverest</arg>
<arg>${ENDPOINT}</arg>
<doc>Sends a GET request on a previously created HTTP Session.</doc>
<status status="PASS" start="2026-03-31T03:07:53.014052" elapsed="0.375644"/>
</kw>
<kw name="Should Be Equal As Integers" owner="BuiltIn">
<msg time="2026-03-31T03:07:53.390964" level="INFO">Argument types are:
&lt;class 'int'&gt;
&lt;class 'str'&gt;</msg>
<arg>${response.status_code}</arg>
<arg>200</arg>
<doc>Fails if objects are unequal after converting them to integers.</doc>
<status status="PASS" start="2026-03-31T03:07:53.390029" elapsed="0.001191"/>
</kw>
<kw name="Log" owner="BuiltIn">
<msg time="2026-03-31T03:07:53.392590" level="INFO">API disponível com status 200</msg>
<arg>API disponível com status ${response.status_code}</arg>
<doc>Logs the given message with the given level.</doc>
<status status="PASS" start="2026-03-31T03:07:53.391573" elapsed="0.001319"/>
</kw>
<status status="PASS" start="2026-03-31T03:07:53.009943" elapsed="0.383327"/>
</kw>
<test id="s1-s1-s1-t1" name="Deve Cadastrar Um Novo Usuário Com Sucesso" line="40">
<kw name="Generate Unique Email">
<kw name="Get Time" owner="BuiltIn">
<msg time="2026-03-31T03:07:53.410971" level="INFO">${timestamp} = 1774937273</msg>
<var>${timestamp}</var>
<arg>epoch</arg>
<doc>Returns the given time in the requested format.</doc>
<status status="PASS" start="2026-03-31T03:07:53.410157" elapsed="0.001123"/>
</kw>
<kw name="Set Variable" owner="BuiltIn">
<msg time="2026-03-31T03:07:53.412330" level="INFO">${email} = horadoqa_1774937273@qa.com</msg>
<var>${email}</var>
<arg>horadoqa_${timestamp}@qa.com</arg>
<doc>Returns the given values which can then be assigned to a variables.</doc>
<status status="PASS" start="2026-03-31T03:07:53.411658" elapsed="0.000939"/>
</kw>
<return>
<value>${email}</value>
<status status="PASS" start="2026-03-31T03:07:53.412982" elapsed="0.000644"/>
</return>
<msg time="2026-03-31T03:07:53.414011" level="INFO">${email} = horadoqa_1774937273@qa.com</msg>
<var>${email}</var>
<status status="PASS" start="2026-03-31T03:07:53.409370" elapsed="0.004858"/>
</kw>
<kw name="Open Cadastro Page">
<kw name="Open Browser" owner="SeleniumLibrary">
<msg time="2026-03-31T03:07:53.416566" level="INFO">Opening browser 'Chrome' to base url 'https://front.serverest.dev/cadastrarusuarios'.</msg>
<arg>${FRONT_URL}</arg>
<arg>${BROWSER}</arg>
<doc>Opens a new browser instance to the optional ``url``.</doc>
<status status="PASS" start="2026-03-31T03:07:53.415215" elapsed="2.587073"/>
</kw>
<kw name="Maximize Browser Window" owner="SeleniumLibrary">
<doc>Maximizes current browser window.</doc>
<status status="PASS" start="2026-03-31T03:07:56.002777" elapsed="0.045871"/>
</kw>
<status status="PASS" start="2026-03-31T03:07:53.414656" elapsed="2.634430"/>
</kw>
<kw name="Fill Cadastro Form">
<kw name="Input Text" owner="SeleniumLibrary">
<msg time="2026-03-31T03:07:56.052105" level="INFO">Typing text 'Hora do QA' into text field 'name=nome'.</msg>
<arg>name=nome</arg>
<arg>${nome}</arg>
<doc>Types the given ``text`` into the text field identified by ``locator``.</doc>
<status status="PASS" start="2026-03-31T03:07:56.051142" elapsed="0.518861"/>
</kw>
<kw name="Input Text" owner="SeleniumLibrary">
<msg time="2026-03-31T03:07:56.572237" level="INFO">Typing text 'horadoqa_1774937273@qa.com' into text field 'name=email'.</msg>
<arg>name=email</arg>
<arg>${email}</arg>
<doc>Types the given ``text`` into the text field identified by ``locator``.</doc>
<status status="PASS" start="2026-03-31T03:07:56.570917" elapsed="0.164262"/>
</kw>
<kw name="Input Text" owner="SeleniumLibrary">
<msg time="2026-03-31T03:07:56.736106" level="INFO">Typing text '1q2w3e4r' into text field 'name=password'.</msg>
<arg>name=password</arg>
<arg>${senha}</arg>
<doc>Types the given ``text`` into the text field identified by ``locator``.</doc>
<status status="PASS" start="2026-03-31T03:07:56.735565" elapsed="0.115359"/>
</kw>
<kw name="Click Element" owner="SeleniumLibrary">
<msg time="2026-03-31T03:07:56.852639" level="INFO">Clicking element 'css=input[type="checkbox"]'.</msg>
<arg>css=input[type="checkbox"]</arg>
<doc>Click the element identified by ``locator``.</doc>
<status status="PASS" start="2026-03-31T03:07:56.852084" elapsed="0.108002"/>
</kw>
<kw name="Click Button" owner="SeleniumLibrary">
<msg time="2026-03-31T03:07:56.960833" level="INFO">Clicking button 'css=button[type="submit"]'.</msg>
<arg>css=button[type="submit"]</arg>
<doc>Clicks the button identified by ``locator``.</doc>
<status status="PASS" start="2026-03-31T03:07:56.960404" elapsed="0.140073"/>
</kw>
<arg>Hora do QA</arg>
<arg>${email}</arg>
<arg>1q2w3e4r</arg>
<status status="PASS" start="2026-03-31T03:07:56.050124" elapsed="1.050612"/>
</kw>
<kw name="Close Browser" owner="SeleniumLibrary">
<doc>Closes the current browser.</doc>
<status status="PASS" start="2026-03-31T03:07:57.101302" elapsed="0.080356"/>
</kw>
<status status="PASS" start="2026-03-31T03:07:53.393499" elapsed="3.788600"/>
</test>
<status status="PASS" start="2026-03-31T03:07:52.642297" elapsed="4.602183"/>
</suite>
<status status="PASS" start="2026-03-31T03:07:52.512862" elapsed="4.768450"/>
</suite>
<status status="PASS" start="2026-03-31T03:07:52.463064" elapsed="4.841713"/>
</suite>
<statistics>
<total>
<stat pass="1" fail="0" skip="0">All Tests</stat>
</total>
<tag>
</tag>
<suite>
<stat pass="1" fail="0" skip="0" id="s1" name="Teste-Api-E2E">Teste-Api-E2E</stat>
<stat pass="1" fail="0" skip="0" id="s1-s1" name="Robot">Teste-Api-E2E.Robot</stat>
<stat pass="1" fail="0" skip="0" id="s1-s1-s1" name="Serverest-Cadastro">Teste-Api-E2E.Robot.Serverest-Cadastro</stat>
</suite>
</statistics>
<errors>
</errors>
</robot>
